<?xml version="1.0" encoding="UTF-8"?>
<testng-results ignored="0" total="1" passed="1" failed="0" skipped="0">
  <reporter-output>
  </reporter-output>
  <suite started-at="2020-01-19T16:52:17Z" name="Default suite" finished-at="2020-01-19T16:52:18Z" duration-ms="1077">
    <groups>
    </groups>
    <test started-at="2020-01-19T16:52:17Z" name="Default test" finished-at="2020-01-19T16:52:18Z" duration-ms="1077">
      <class name="com.qa.test.GetCallTest">
        <test-method signature="getTest()[pri:0, instance:com.qa.test.GetCallTest@ca263c2]" started-at="2020-01-19T22:22:17Z" name="getTest" finished-at="2020-01-19T22:22:18Z" duration-ms="1028" status="PASS">
          <reporter-output>
          </reporter-output>
        </test-method> <!-- getTest -->
      </class> <!-- com.qa.test.GetCallTest -->
    </test> <!-- Default test -->
  </suite> <!-- Default suite -->
</testng-results>
